15/11/2025 11:24:13 [nrb-nayon] ERROR: 🚨 globalErrorHandler ~~  Cast to ObjectId failed for value "undefined" (type string) at path "_id" for model "Attorney"
CastError: Cast to ObjectId failed for value "undefined" (type string) at path "_id" for model "Attorney"
    at SchemaObjectId.cast (D:\Nayon xD\Dashboard\Dashboard Design\law_firm_portfolio_server\backend_server\node_modules\mongoose\lib\schema\objectId.js:251:11)
    at SchemaObjectId.SchemaType.applySetters (D:\Nayon xD\Dashboard\Dashboard Design\law_firm_portfolio_server\backend_server\node_modules\mongoose\lib\schemaType.js:1262:12)
    at SchemaObjectId.SchemaType.castForQuery (D:\Nayon xD\Dashboard\Dashboard Design\law_firm_portfolio_server\backend_server\node_modules\mongoose\lib\schemaType.js:1698:17)
    at cast (D:\Nayon xD\Dashboard\Dashboard Design\law_firm_portfolio_server\backend_server\node_modules\mongoose\lib\cast.js:390:32)
    at model.Query.Query.cast (D:\Nayon xD\Dashboard\Dashboard Design\law_firm_portfolio_server\backend_server\node_modules\mongoose\lib\query.js:5060:12)
    at model.Query.Query._castConditions (D:\Nayon xD\Dashboard\Dashboard Design\law_firm_portfolio_server\backend_server\node_modules\mongoose\lib\query.js:2374:10)
    at model.Query._findOne (D:\Nayon xD\Dashboard\Dashboard Design\law_firm_portfolio_server\backend_server\node_modules\mongoose\lib\query.js:2697:8)
    at model.Query.exec (D:\Nayon xD\Dashboard\Dashboard Design\law_firm_portfolio_server\backend_server\node_modules\mongoose\lib\query.js:4627:80)
    at processTicksAndRejections (node:internal/process/task_queues:105:5)
    at Object.getAttorneyByIdFromDB (D:\Nayon xD\Dashboard\Dashboard Design\law_firm_portfolio_server\backend_server\src\features\attorneys\attorney.service.ts:53:20) {"stringValue":"\"undefined\"","kind":"ObjectId","value":"undefined","path":"_id","reason":{},"valueType":"string"}
15/11/2025 11:24:13 [nrb-nayon] ERROR: 127.0.0.1 - GET /api/v1/attorneys/undefined 400 - 85.823 ms
15/11/2025 11:24:13 [nrb-nayon] ERROR: 🚨 globalErrorHandler ~~  Cast to ObjectId failed for value "undefined" (type string) at path "_id" for model "Attorney"
CastError: Cast to ObjectId failed for value "undefined" (type string) at path "_id" for model "Attorney"
    at SchemaObjectId.cast (D:\Nayon xD\Dashboard\Dashboard Design\law_firm_portfolio_server\backend_server\node_modules\mongoose\lib\schema\objectId.js:251:11)
    at SchemaObjectId.SchemaType.applySetters (D:\Nayon xD\Dashboard\Dashboard Design\law_firm_portfolio_server\backend_server\node_modules\mongoose\lib\schemaType.js:1262:12)
    at SchemaObjectId.SchemaType.castForQuery (D:\Nayon xD\Dashboard\Dashboard Design\law_firm_portfolio_server\backend_server\node_modules\mongoose\lib\schemaType.js:1698:17)
    at cast (D:\Nayon xD\Dashboard\Dashboard Design\law_firm_portfolio_server\backend_server\node_modules\mongoose\lib\cast.js:390:32)
    at model.Query.Query.cast (D:\Nayon xD\Dashboard\Dashboard Design\law_firm_portfolio_server\backend_server\node_modules\mongoose\lib\query.js:5060:12)
    at model.Query.Query._castConditions (D:\Nayon xD\Dashboard\Dashboard Design\law_firm_portfolio_server\backend_server\node_modules\mongoose\lib\query.js:2374:10)
    at model.Query._findOne (D:\Nayon xD\Dashboard\Dashboard Design\law_firm_portfolio_server\backend_server\node_modules\mongoose\lib\query.js:2697:8)
    at model.Query.exec (D:\Nayon xD\Dashboard\Dashboard Design\law_firm_portfolio_server\backend_server\node_modules\mongoose\lib\query.js:4627:80)
    at processTicksAndRejections (node:internal/process/task_queues:105:5)
    at Object.getAttorneyByIdFromDB (D:\Nayon xD\Dashboard\Dashboard Design\law_firm_portfolio_server\backend_server\src\features\attorneys\attorney.service.ts:53:20) {"stringValue":"\"undefined\"","kind":"ObjectId","value":"undefined","path":"_id","reason":{},"valueType":"string"}
15/11/2025 11:24:13 [nrb-nayon] ERROR: 127.0.0.1 - GET /api/v1/attorneys/undefined 400 - 8.011 ms
15/11/2025 11:24:25 [nrb-nayon] ERROR: 🚨 globalErrorHandler ~~  Cast to ObjectId failed for value "undefined" (type string) at path "_id" for model "Attorney"
CastError: Cast to ObjectId failed for value "undefined" (type string) at path "_id" for model "Attorney"
    at SchemaObjectId.cast (D:\Nayon xD\Dashboard\Dashboard Design\law_firm_portfolio_server\backend_server\node_modules\mongoose\lib\schema\objectId.js:251:11)
    at SchemaObjectId.SchemaType.applySetters (D:\Nayon xD\Dashboard\Dashboard Design\law_firm_portfolio_server\backend_server\node_modules\mongoose\lib\schemaType.js:1262:12)
    at SchemaObjectId.SchemaType.castForQuery (D:\Nayon xD\Dashboard\Dashboard Design\law_firm_portfolio_server\backend_server\node_modules\mongoose\lib\schemaType.js:1698:17)
    at cast (D:\Nayon xD\Dashboard\Dashboard Design\law_firm_portfolio_server\backend_server\node_modules\mongoose\lib\cast.js:390:32)
    at model.Query.Query.cast (D:\Nayon xD\Dashboard\Dashboard Design\law_firm_portfolio_server\backend_server\node_modules\mongoose\lib\query.js:5060:12)
    at model.Query.Query._castConditions (D:\Nayon xD\Dashboard\Dashboard Design\law_firm_portfolio_server\backend_server\node_modules\mongoose\lib\query.js:2374:10)
    at model.Query._findOne (D:\Nayon xD\Dashboard\Dashboard Design\law_firm_portfolio_server\backend_server\node_modules\mongoose\lib\query.js:2697:8)
    at model.Query.exec (D:\Nayon xD\Dashboard\Dashboard Design\law_firm_portfolio_server\backend_server\node_modules\mongoose\lib\query.js:4627:80)
    at processTicksAndRejections (node:internal/process/task_queues:105:5)
    at Object.getAttorneyByIdFromDB (D:\Nayon xD\Dashboard\Dashboard Design\law_firm_portfolio_server\backend_server\src\features\attorneys\attorney.service.ts:53:20) {"stringValue":"\"undefined\"","kind":"ObjectId","value":"undefined","path":"_id","reason":{},"valueType":"string"}
15/11/2025 11:24:25 [nrb-nayon] ERROR: 127.0.0.1 - GET /api/v1/attorneys/undefined 400 - 4.032 ms
15/11/2025 11:24:25 [nrb-nayon] ERROR: 🚨 globalErrorHandler ~~  Cast to ObjectId failed for value "undefined" (type string) at path "_id" for model "Attorney"
CastError: Cast to ObjectId failed for value "undefined" (type string) at path "_id" for model "Attorney"
    at SchemaObjectId.cast (D:\Nayon xD\Dashboard\Dashboard Design\law_firm_portfolio_server\backend_server\node_modules\mongoose\lib\schema\objectId.js:251:11)
    at SchemaObjectId.SchemaType.applySetters (D:\Nayon xD\Dashboard\Dashboard Design\law_firm_portfolio_server\backend_server\node_modules\mongoose\lib\schemaType.js:1262:12)
    at SchemaObjectId.SchemaType.castForQuery (D:\Nayon xD\Dashboard\Dashboard Design\law_firm_portfolio_server\backend_server\node_modules\mongoose\lib\schemaType.js:1698:17)
    at cast (D:\Nayon xD\Dashboard\Dashboard Design\law_firm_portfolio_server\backend_server\node_modules\mongoose\lib\cast.js:390:32)
    at model.Query.Query.cast (D:\Nayon xD\Dashboard\Dashboard Design\law_firm_portfolio_server\backend_server\node_modules\mongoose\lib\query.js:5060:12)
    at model.Query.Query._castConditions (D:\Nayon xD\Dashboard\Dashboard Design\law_firm_portfolio_server\backend_server\node_modules\mongoose\lib\query.js:2374:10)
    at model.Query._findOne (D:\Nayon xD\Dashboard\Dashboard Design\law_firm_portfolio_server\backend_server\node_modules\mongoose\lib\query.js:2697:8)
    at model.Query.exec (D:\Nayon xD\Dashboard\Dashboard Design\law_firm_portfolio_server\backend_server\node_modules\mongoose\lib\query.js:4627:80)
    at processTicksAndRejections (node:internal/process/task_queues:105:5)
    at Object.getAttorneyByIdFromDB (D:\Nayon xD\Dashboard\Dashboard Design\law_firm_portfolio_server\backend_server\src\features\attorneys\attorney.service.ts:53:20) {"stringValue":"\"undefined\"","kind":"ObjectId","value":"undefined","path":"_id","reason":{},"valueType":"string"}
15/11/2025 11:24:25 [nrb-nayon] ERROR: 127.0.0.1 - GET /api/v1/attorneys/undefined 400 - 6.085 ms
15/11/2025 11:24:32 [nrb-nayon] ERROR: 🚨 globalErrorHandler ~~  Cast to ObjectId failed for value "undefined" (type string) at path "_id" for model "Attorney"
CastError: Cast to ObjectId failed for value "undefined" (type string) at path "_id" for model "Attorney"
    at SchemaObjectId.cast (D:\Nayon xD\Dashboard\Dashboard Design\law_firm_portfolio_server\backend_server\node_modules\mongoose\lib\schema\objectId.js:251:11)
    at SchemaObjectId.SchemaType.applySetters (D:\Nayon xD\Dashboard\Dashboard Design\law_firm_portfolio_server\backend_server\node_modules\mongoose\lib\schemaType.js:1262:12)
    at SchemaObjectId.SchemaType.castForQuery (D:\Nayon xD\Dashboard\Dashboard Design\law_firm_portfolio_server\backend_server\node_modules\mongoose\lib\schemaType.js:1698:17)
    at cast (D:\Nayon xD\Dashboard\Dashboard Design\law_firm_portfolio_server\backend_server\node_modules\mongoose\lib\cast.js:390:32)
    at model.Query.Query.cast (D:\Nayon xD\Dashboard\Dashboard Design\law_firm_portfolio_server\backend_server\node_modules\mongoose\lib\query.js:5060:12)
    at model.Query.Query._castConditions (D:\Nayon xD\Dashboard\Dashboard Design\law_firm_portfolio_server\backend_server\node_modules\mongoose\lib\query.js:2374:10)
    at model.Query._findOne (D:\Nayon xD\Dashboard\Dashboard Design\law_firm_portfolio_server\backend_server\node_modules\mongoose\lib\query.js:2697:8)
    at model.Query.exec (D:\Nayon xD\Dashboard\Dashboard Design\law_firm_portfolio_server\backend_server\node_modules\mongoose\lib\query.js:4627:80)
    at processTicksAndRejections (node:internal/process/task_queues:105:5)
    at Object.getAttorneyByIdFromDB (D:\Nayon xD\Dashboard\Dashboard Design\law_firm_portfolio_server\backend_server\src\features\attorneys\attorney.service.ts:53:20) {"stringValue":"\"undefined\"","kind":"ObjectId","value":"undefined","path":"_id","reason":{},"valueType":"string"}
15/11/2025 11:24:32 [nrb-nayon] ERROR: 127.0.0.1 - GET /api/v1/attorneys/undefined 400 - 1.458 ms
15/11/2025 11:26:30 [nrb-nayon] ERROR: 🚨 globalErrorHandler ~~  Cast to ObjectId failed for value "undefined" (type string) at path "_id" for model "Attorney"
CastError: Cast to ObjectId failed for value "undefined" (type string) at path "_id" for model "Attorney"
    at SchemaObjectId.cast (D:\Nayon xD\Dashboard\Dashboard Design\law_firm_portfolio_server\backend_server\node_modules\mongoose\lib\schema\objectId.js:251:11)
    at SchemaObjectId.SchemaType.applySetters (D:\Nayon xD\Dashboard\Dashboard Design\law_firm_portfolio_server\backend_server\node_modules\mongoose\lib\schemaType.js:1262:12)
    at SchemaObjectId.SchemaType.castForQuery (D:\Nayon xD\Dashboard\Dashboard Design\law_firm_portfolio_server\backend_server\node_modules\mongoose\lib\schemaType.js:1698:17)
    at cast (D:\Nayon xD\Dashboard\Dashboard Design\law_firm_portfolio_server\backend_server\node_modules\mongoose\lib\cast.js:390:32)
    at model.Query.Query.cast (D:\Nayon xD\Dashboard\Dashboard Design\law_firm_portfolio_server\backend_server\node_modules\mongoose\lib\query.js:5060:12)
    at model.Query.Query._castConditions (D:\Nayon xD\Dashboard\Dashboard Design\law_firm_portfolio_server\backend_server\node_modules\mongoose\lib\query.js:2374:10)
    at model.Query._findOne (D:\Nayon xD\Dashboard\Dashboard Design\law_firm_portfolio_server\backend_server\node_modules\mongoose\lib\query.js:2697:8)
    at model.Query.exec (D:\Nayon xD\Dashboard\Dashboard Design\law_firm_portfolio_server\backend_server\node_modules\mongoose\lib\query.js:4627:80)
    at processTicksAndRejections (node:internal/process/task_queues:105:5)
    at Object.getAttorneyByIdFromDB (D:\Nayon xD\Dashboard\Dashboard Design\law_firm_portfolio_server\backend_server\src\features\attorneys\attorney.service.ts:53:20) {"stringValue":"\"undefined\"","kind":"ObjectId","value":"undefined","path":"_id","reason":{},"valueType":"string"}
15/11/2025 11:26:30 [nrb-nayon] ERROR: 127.0.0.1 - GET /api/v1/attorneys/undefined 400 - 15.517 ms
15/11/2025 11:26:53 [nrb-nayon] ERROR: 🚨 globalErrorHandler ~~  Cast to ObjectId failed for value "undefined" (type string) at path "_id" for model "Attorney"
CastError: Cast to ObjectId failed for value "undefined" (type string) at path "_id" for model "Attorney"
    at SchemaObjectId.cast (D:\Nayon xD\Dashboard\Dashboard Design\law_firm_portfolio_server\backend_server\node_modules\mongoose\lib\schema\objectId.js:251:11)
    at SchemaObjectId.SchemaType.applySetters (D:\Nayon xD\Dashboard\Dashboard Design\law_firm_portfolio_server\backend_server\node_modules\mongoose\lib\schemaType.js:1262:12)
    at SchemaObjectId.SchemaType.castForQuery (D:\Nayon xD\Dashboard\Dashboard Design\law_firm_portfolio_server\backend_server\node_modules\mongoose\lib\schemaType.js:1698:17)
    at cast (D:\Nayon xD\Dashboard\Dashboard Design\law_firm_portfolio_server\backend_server\node_modules\mongoose\lib\cast.js:390:32)
    at model.Query.Query.cast (D:\Nayon xD\Dashboard\Dashboard Design\law_firm_portfolio_server\backend_server\node_modules\mongoose\lib\query.js:5060:12)
    at model.Query.Query._castConditions (D:\Nayon xD\Dashboard\Dashboard Design\law_firm_portfolio_server\backend_server\node_modules\mongoose\lib\query.js:2374:10)
    at model.Query._findOne (D:\Nayon xD\Dashboard\Dashboard Design\law_firm_portfolio_server\backend_server\node_modules\mongoose\lib\query.js:2697:8)
    at model.Query.exec (D:\Nayon xD\Dashboard\Dashboard Design\law_firm_portfolio_server\backend_server\node_modules\mongoose\lib\query.js:4627:80)
    at processTicksAndRejections (node:internal/process/task_queues:105:5)
    at Object.getAttorneyByIdFromDB (D:\Nayon xD\Dashboard\Dashboard Design\law_firm_portfolio_server\backend_server\src\features\attorneys\attorney.service.ts:53:20) {"stringValue":"\"undefined\"","kind":"ObjectId","value":"undefined","path":"_id","reason":{},"valueType":"string"}
15/11/2025 11:26:53 [nrb-nayon] ERROR: 127.0.0.1 - GET /api/v1/attorneys/undefined 400 - 6.693 ms
15/11/2025 11:26:53 [nrb-nayon] ERROR: 🚨 globalErrorHandler ~~  Cast to ObjectId failed for value "undefined" (type string) at path "_id" for model "Attorney"
CastError: Cast to ObjectId failed for value "undefined" (type string) at path "_id" for model "Attorney"
    at SchemaObjectId.cast (D:\Nayon xD\Dashboard\Dashboard Design\law_firm_portfolio_server\backend_server\node_modules\mongoose\lib\schema\objectId.js:251:11)
    at SchemaObjectId.SchemaType.applySetters (D:\Nayon xD\Dashboard\Dashboard Design\law_firm_portfolio_server\backend_server\node_modules\mongoose\lib\schemaType.js:1262:12)
    at SchemaObjectId.SchemaType.castForQuery (D:\Nayon xD\Dashboard\Dashboard Design\law_firm_portfolio_server\backend_server\node_modules\mongoose\lib\schemaType.js:1698:17)
    at cast (D:\Nayon xD\Dashboard\Dashboard Design\law_firm_portfolio_server\backend_server\node_modules\mongoose\lib\cast.js:390:32)
    at model.Query.Query.cast (D:\Nayon xD\Dashboard\Dashboard Design\law_firm_portfolio_server\backend_server\node_modules\mongoose\lib\query.js:5060:12)
    at model.Query.Query._castConditions (D:\Nayon xD\Dashboard\Dashboard Design\law_firm_portfolio_server\backend_server\node_modules\mongoose\lib\query.js:2374:10)
    at model.Query._findOne (D:\Nayon xD\Dashboard\Dashboard Design\law_firm_portfolio_server\backend_server\node_modules\mongoose\lib\query.js:2697:8)
    at model.Query.exec (D:\Nayon xD\Dashboard\Dashboard Design\law_firm_portfolio_server\backend_server\node_modules\mongoose\lib\query.js:4627:80)
    at processTicksAndRejections (node:internal/process/task_queues:105:5)
    at Object.getAttorneyByIdFromDB (D:\Nayon xD\Dashboard\Dashboard Design\law_firm_portfolio_server\backend_server\src\features\attorneys\attorney.service.ts:53:20) {"stringValue":"\"undefined\"","kind":"ObjectId","value":"undefined","path":"_id","reason":{},"valueType":"string"}
15/11/2025 11:26:53 [nrb-nayon] ERROR: 127.0.0.1 - GET /api/v1/attorneys/undefined 400 - 5.675 ms
15/11/2025 11:36:17 [nrb-nayon] ERROR: 🚨 globalErrorHandler ~~  Cast to ObjectId failed for value "undefined" (type string) at path "_id" for model "Attorney"
CastError: Cast to ObjectId failed for value "undefined" (type string) at path "_id" for model "Attorney"
    at SchemaObjectId.cast (D:\Nayon xD\Dashboard\Dashboard Design\law_firm_portfolio_server\backend_server\node_modules\mongoose\lib\schema\objectId.js:251:11)
    at SchemaObjectId.SchemaType.applySetters (D:\Nayon xD\Dashboard\Dashboard Design\law_firm_portfolio_server\backend_server\node_modules\mongoose\lib\schemaType.js:1262:12)
    at SchemaObjectId.SchemaType.castForQuery (D:\Nayon xD\Dashboard\Dashboard Design\law_firm_portfolio_server\backend_server\node_modules\mongoose\lib\schemaType.js:1698:17)
    at cast (D:\Nayon xD\Dashboard\Dashboard Design\law_firm_portfolio_server\backend_server\node_modules\mongoose\lib\cast.js:390:32)
    at model.Query.Query.cast (D:\Nayon xD\Dashboard\Dashboard Design\law_firm_portfolio_server\backend_server\node_modules\mongoose\lib\query.js:5060:12)
    at model.Query.Query._castConditions (D:\Nayon xD\Dashboard\Dashboard Design\law_firm_portfolio_server\backend_server\node_modules\mongoose\lib\query.js:2374:10)
    at model.Query._findOne (D:\Nayon xD\Dashboard\Dashboard Design\law_firm_portfolio_server\backend_server\node_modules\mongoose\lib\query.js:2697:8)
    at model.Query.exec (D:\Nayon xD\Dashboard\Dashboard Design\law_firm_portfolio_server\backend_server\node_modules\mongoose\lib\query.js:4627:80)
    at processTicksAndRejections (node:internal/process/task_queues:105:5)
    at Object.getAttorneyByIdFromDB (D:\Nayon xD\Dashboard\Dashboard Design\law_firm_portfolio_server\backend_server\src\features\attorneys\attorney.service.ts:53:20) {"stringValue":"\"undefined\"","kind":"ObjectId","value":"undefined","path":"_id","reason":{},"valueType":"string"}
15/11/2025 11:36:17 [nrb-nayon] ERROR: 127.0.0.1 - GET /api/v1/attorneys/undefined 400 - 26.334 ms
15/11/2025 11:36:17 [nrb-nayon] ERROR: 🚨 globalErrorHandler ~~  Cast to ObjectId failed for value "undefined" (type string) at path "_id" for model "Attorney"
CastError: Cast to ObjectId failed for value "undefined" (type string) at path "_id" for model "Attorney"
    at SchemaObjectId.cast (D:\Nayon xD\Dashboard\Dashboard Design\law_firm_portfolio_server\backend_server\node_modules\mongoose\lib\schema\objectId.js:251:11)
    at SchemaObjectId.SchemaType.applySetters (D:\Nayon xD\Dashboard\Dashboard Design\law_firm_portfolio_server\backend_server\node_modules\mongoose\lib\schemaType.js:1262:12)
    at SchemaObjectId.SchemaType.castForQuery (D:\Nayon xD\Dashboard\Dashboard Design\law_firm_portfolio_server\backend_server\node_modules\mongoose\lib\schemaType.js:1698:17)
    at cast (D:\Nayon xD\Dashboard\Dashboard Design\law_firm_portfolio_server\backend_server\node_modules\mongoose\lib\cast.js:390:32)
    at model.Query.Query.cast (D:\Nayon xD\Dashboard\Dashboard Design\law_firm_portfolio_server\backend_server\node_modules\mongoose\lib\query.js:5060:12)
    at model.Query.Query._castConditions (D:\Nayon xD\Dashboard\Dashboard Design\law_firm_portfolio_server\backend_server\node_modules\mongoose\lib\query.js:2374:10)
    at model.Query._findOne (D:\Nayon xD\Dashboard\Dashboard Design\law_firm_portfolio_server\backend_server\node_modules\mongoose\lib\query.js:2697:8)
    at model.Query.exec (D:\Nayon xD\Dashboard\Dashboard Design\law_firm_portfolio_server\backend_server\node_modules\mongoose\lib\query.js:4627:80)
    at processTicksAndRejections (node:internal/process/task_queues:105:5)
    at Object.getAttorneyByIdFromDB (D:\Nayon xD\Dashboard\Dashboard Design\law_firm_portfolio_server\backend_server\src\features\attorneys\attorney.service.ts:53:20) {"stringValue":"\"undefined\"","kind":"ObjectId","value":"undefined","path":"_id","reason":{},"valueType":"string"}
15/11/2025 11:36:17 [nrb-nayon] ERROR: 127.0.0.1 - GET /api/v1/attorneys/undefined 400 - 12.649 ms
